(00:00:00.0144671) GameMaster[log]: Found Action interface: 'TheMindThalamusMessages.ITabletsGM'
(00:00:00.0208253) GameMaster[log]: Subscribed to event 'ITabletsGM.ConnectToGM'
(00:00:00.0209884) GameMaster[log]: Subscribed to event 'ITabletsGM.SendBudgetAllocation'
(00:00:00.0211211) GameMaster[log]: Subscribed to event 'ITabletsGM.Disconnect'
(00:00:00.0302677) GameMaster[log]: Attempt to start service on port '2000'
(00:00:00.0310068) GameMaster[log]: Attempt to start Slow service on port '2000'
(00:00:00.0646742) GameMaster[log]: Creating publisher from type 'IThalamusGameMasterPublisher'
(00:00:00.0648889) GameMaster[log]: Found Perception interface: 'TheMindThalamusMessages.IGMTablets'
(00:00:00.0654900) GameMaster[log]: Announced event 'IGMTablets.AllConnected'
(00:00:00.0661689) GameMaster[log]: Registered perception 'IGMTablets.AllConnected' in publisher.
(00:00:00.0667791) GameMaster[log]: Announced event 'IGMTablets.FinishRound'
(00:00:00.0668693) GameMaster[log]: Registered perception 'IGMTablets.FinishRound' in publisher.
(00:00:00.4003334) GameMaster[log]: Searching for Thalamus Character SERA...
(00:00:00.4566739) GameMaster[log]: Port -1 unavaliable.
(00:00:00.4568165) GameMaster[log]: Attempt to start service on port '2001'
(00:00:00.5041777) GameMaster[log]: Slow Port unavaliable.
(00:00:00.5043445) GameMaster[log]: Attempt to start Slow service on port '2001'
(00:00:00.7898910) GameMaster[log]: Found Thalamus Master for character 'SERA' at '192.168.0.100:2000/2001'.
(00:00:00.8863466) GameMaster[log]: Port -1 unavaliable.
(00:00:00.8865506) GameMaster[log]: Attempt to start service on port '2002'
(00:00:00.9155535) GameMaster[log]: Slow Port unavaliable.
(00:00:00.9157303) GameMaster[log]: Attempt to start Slow service on port '2002'
(00:00:01.2013496) GameMaster[log]: Fast XMLRPC Listening on port 2002 c: SERA
(00:00:01.3129068) GameMaster[log]: Slow Port unavaliable.
(00:00:01.3131025) GameMaster[log]: Attempt to start Slow service on port '2003'
(00:00:01.4834115) GameMaster[log]: Slow XMLRPC Listening on port 2003
(00:00:01.5640035) GameMaster[log]: Set Master fast endpoint to 192.168.0.100:2000
(00:00:01.5680479) GameMaster[log]: Set Master slow endpoint to 192.168.0.100:2001
(00:00:01.5699760) GameMaster[log]: Connecting... f: 2002 s: 2003
(00:00:01.8246969) GameMaster[log]: Connected with clientId 'e3b1e276-f834-471b-b8a1-6314e42daf61'
(00:00:02.0083773) GameMaster[log]: Performing registration...
(00:00:02.0499879) GameMaster[log]: Cleared subscriptions of character SERA.
(00:00:02.0520711) GameMaster[log]: Announcing event information...
(00:00:02.0706164) GameMaster[log]: Done.
(00:00:02.0721763) GameMaster[log]: Announcing and Subscribing to events...
(00:00:02.0910185) GameMaster[log]: Done.
(00:00:02.9564833) GameMaster[log]: 2.9552488::Received:IThalamusClient.Connected:(IThalamusClient.Connected):[uid=e3b1e276-f834-471b-b8a1-6314e42daf61;port=2004;]
(00:06:46.2253042) GameMaster[log]: 406.2252916::Received:ITabletsGM.ConnectToGM:(ITabletsGM.ConnectToGM):[id=0;name=fg;]
