(00:00:00.0087631) GameMaster[log]: Found Action interface: 'TheMindThalamusMessages.ITabletsGM'
(00:00:00.0140359) GameMaster[log]: Subscribed to event 'ITabletsGM.ConnectToGM'
(00:00:00.0141599) GameMaster[log]: Subscribed to event 'ITabletsGM.SendBudgetAllocation'
(00:00:00.0142835) GameMaster[log]: Subscribed to event 'ITabletsGM.Disconnect'
(00:00:00.0161601) GameMaster[log]: Attempt to start service on port '2000'
(00:00:00.0165310) GameMaster[log]: Attempt to start Slow service on port '2000'
(00:00:00.0199322) GameMaster[log]: Creating publisher from type 'IThalamusGameMasterPublisher'
(00:00:00.0200960) GameMaster[log]: Found Perception interface: 'TheMindThalamusMessages.IGMTablets'
(00:00:00.0204737) GameMaster[log]: Announced event 'IGMTablets.AllConnected'
(00:00:00.0210240) GameMaster[log]: Registered perception 'IGMTablets.AllConnected' in publisher.
(00:00:00.0212869) GameMaster[log]: Announced event 'IGMTablets.FinishRound'
(00:00:00.0213764) GameMaster[log]: Registered perception 'IGMTablets.FinishRound' in publisher.
(00:00:00.0728737) GameMaster[log]: XMLRPC Listening on http://*:7000/
(00:00:00.1240339) GameMaster[log]: Searching for Thalamus Character SERA...
(00:00:00.1242588) GameMaster[log]: Slow Port unavaliable.
(00:00:00.1247443) GameMaster[log]: Attempt to start Slow service on port '2001'
(00:00:00.1249517) GameMaster[log]: Port -1 unavaliable.
(00:00:00.1254508) GameMaster[log]: Attempt to start service on port '2001'
(00:00:00.2050215) GameMaster[log]: Slow Port unavaliable.
(00:00:00.2051619) GameMaster[log]: Attempt to start Slow service on port '2002'
(00:00:00.2053917) GameMaster[log]: Port -1 unavaliable.
(00:00:00.2195653) GameMaster[log]: Attempt to start service on port '2002'
(00:00:00.2484312) GameMaster[log]: Found Thalamus Master for character 'SERA' at '192.168.0.100:2000/2001'.
(00:00:00.3046477) GameMaster[log]: Fast XMLRPC Listening on port 2002 c: SERA
(00:00:00.3048696) GameMaster[log]: Slow Port unavaliable.
(00:00:00.3051112) GameMaster[log]: Attempt to start Slow service on port '2003'
(00:00:00.3761471) GameMaster[log]: Slow XMLRPC Listening on port 2003
(00:00:00.4533250) GameMaster[log]: Set Master fast endpoint to 192.168.0.100:2000
(00:00:00.4539261) GameMaster[log]: Set Master slow endpoint to 192.168.0.100:2001
(00:00:00.4545303) GameMaster[log]: Connecting... f: 2002 s: 2003
(00:00:00.4966267) GameMaster[log]: Connected with clientId '2a2fca5c-6eca-41e6-8742-ea9c31b63478'
(00:00:00.5222208) GameMaster[log]: Performing registration...
(00:00:00.5253724) GameMaster[log]: Cleared subscriptions of character SERA.
(00:00:00.5255366) GameMaster[log]: Announcing event information...
(00:00:00.5365449) GameMaster[log]: Done.
(00:00:00.5367129) GameMaster[log]: Announcing and Subscribing to events...
(00:00:00.5503722) GameMaster[log]: Done.
(00:00:01.3048878) GameMaster[log]: 1.3045085::Received:IThalamusClient.Connected:(IThalamusClient.Connected):[uid=2a2fca5c-6eca-41e6-8742-ea9c31b63478;port=2004;]
(00:14:35.9491773) GameMaster[log]: 875.9491655::Received:ITabletsGM.ConnectToGM:(ITabletsGM.ConnectToGM):[id=2;name=filipa;]
(00:14:45.7341289) GameMaster[log]: 885.7341232:Sent::IGMTablets.FinishRound:(IGMTablets.FinishRound):[envAllocations=123;]
(00:14:58.0480892) GameMaster[log]: Sending Master a Disconnect message...
(00:14:58.0717719) GameMaster[log]: Sent disconnect message.
(00:14:58.0720863) GameMaster[log]: Set shutdown flag.
(00:14:58.0731691) GameMaster[log]: Terminated ReceiveFastHttpRequestsDispatcher
(00:14:58.0751757) GameMaster[log]: Terminated SendMessagesDispatcher
(00:14:58.0751757) GameMaster[log]: Terminated ReceiveSlowHttpRequestsDispatcher
(00:14:58.0791579) GameMaster[log]: Terminated ReceiveMessagesDispatcher
(00:14:58.6334472) GameMaster[log]: Terminated AutoDiscoveryClient
(00:14:58.6340195) GameMaster[log]: Stopped Fast HTTP listener.
(00:14:58.6341636) GameMaster[log]: Terminated FastHttpListenerThread
(00:14:58.6342979) GameMaster[log]: Terminated SlowHttpListenerThread
(00:14:58.6342091) GameMaster[log]: Stopped Slow HTTP listener.
(00:14:58.6455952) GameMaster[log]: Dumped log to 'Logs\GameMaster.2021-1-2at12- 0-36-307.log'
