(00:00:00.4202436) GameMaster[log]: Found Action interface: 'TheMindThalamusMessages.ITabletsGM'
(00:00:00.4267858) GameMaster[log]: Subscribed to event 'ITabletsGM.ConnectToGM'
(00:00:00.4269743) GameMaster[log]: Subscribed to event 'ITabletsGM.SendBudgetAllocation'
(00:00:00.4271358) GameMaster[log]: Subscribed to event 'ITabletsGM.Disconnect'
(00:00:00.4526306) GameMaster[log]: Attempt to start service on port '2000'
(00:00:00.4563033) GameMaster[log]: Attempt to start Slow service on port '2000'
(00:00:00.4610292) GameMaster[log]: Creating publisher from type 'IThalamusGameMasterPublisher'
(00:00:00.4612898) GameMaster[log]: Found Perception interface: 'TheMindThalamusMessages.IGMTablets'
(00:00:00.4619034) GameMaster[log]: Announced event 'IGMTablets.AllConnected'
(00:00:00.4646807) GameMaster[log]: Registered perception 'IGMTablets.AllConnected' in publisher.
(00:00:00.4658720) GameMaster[log]: Announced event 'IGMTablets.FinishRound'
(00:00:00.4659789) GameMaster[log]: Registered perception 'IGMTablets.FinishRound' in publisher.
(00:00:00.9767606) GameMaster[log]: Searching for Thalamus Character SERA...
(00:00:01.0417060) GameMaster[log]: Slow Port unavaliable.
(00:00:01.0419582) GameMaster[log]: Attempt to start Slow service on port '2001'
(00:00:01.0665303) GameMaster[log]: Port -1 unavaliable.
(00:00:01.0691585) GameMaster[log]: Attempt to start service on port '2001'
(00:00:01.3704935) GameMaster[log]: Slow Port unavaliable.
(00:00:01.3707328) GameMaster[log]: Attempt to start Slow service on port '2002'
(00:00:01.4102108) GameMaster[log]: Port -1 unavaliable.
(00:00:01.4264103) GameMaster[log]: Attempt to start service on port '2002'
(00:00:01.5832747) GameMaster[log]: Slow XMLRPC Listening on port 2002
(00:00:01.6084262) GameMaster[log]: Found Thalamus Master for character 'SERA' at '192.168.1.102:2000/2001'.
(00:00:01.6284195) GameMaster[log]: Port -1 unavaliable.
(00:00:01.6286254) GameMaster[log]: Attempt to start service on port '2003'
(00:00:01.8079152) GameMaster[log]: Fast XMLRPC Listening on port 2003 c: SERA
(00:00:01.9394023) GameMaster[log]: Set Master fast endpoint to 192.168.1.102:2000
(00:00:01.9439424) GameMaster[log]: Set Master slow endpoint to 192.168.1.102:2001
(00:00:01.9479140) GameMaster[log]: Connecting... f: 2003 s: 2002
(00:00:02.2171001) GameMaster[log]: Connected with clientId '34c0519e-0c97-4e71-9471-ab6e805ba6b0'
(00:00:02.3156670) GameMaster[log]: Performing registration...
(00:00:02.3307755) GameMaster[log]: Cleared subscriptions of character SERA.
(00:00:02.3309711) GameMaster[log]: Announcing event information...
(00:00:02.3486168) GameMaster[log]: Done.
(00:00:02.3488163) GameMaster[log]: Announcing and Subscribing to events...
(00:00:02.4042265) GameMaster[log]: Done.
(00:00:03.3272768) GameMaster[log]: 3.3233492::Received:IThalamusClient.Connected:(IThalamusClient.Connected):[uid=34c0519e-0c97-4e71-9471-ab6e805ba6b0;port=2004;]
(00:01:16.2539141) GameMaster[log]: 76.2538072::Received:ITabletsGM.ConnectToGM:(ITabletsGM.ConnectToGM):[id=1;name=filipa;]
(00:01:17.4397329) GameMaster[error]: Exception in ReceiveEvent: Exception has been thrown by the target of an invocation.: System.Net.WebException: Unable to connect to the remote server ---> System.Net.Sockets.SocketException: No connection could be made because the target machine actively refused it 127.0.0.1:7002
   at System.Net.Sockets.Socket.DoConnect(EndPoint endPointSnapshot, SocketAddress socketAddress)
   at System.Net.ServicePoint.ConnectSocketInternal(Boolean connectFailure, Socket s4, Socket s6, Socket& socket, IPAddress& address, ConnectSocketState state, IAsyncResult asyncResult, Exception& exception)
   --- End of inner exception stack trace ---
   at System.Net.HttpWebRequest.GetRequestStream(TransportContext& context)
   at System.Net.HttpWebRequest.GetRequestStream()
   at CookComputing.XmlRpc.XmlRpcClientProtocol.Invoke(Object clientObj, MethodInfo mi, Object[] parameters)
   at CookComputing.XmlRpc.XmlRpcClientProtocol.Invoke(MethodInfo mi, Object[] Parameters)
   at XmlRpcProxy31205e4b-ee3a-4efa-aa57-6dc5a79b902d.ConnectToGM(Int32 id, String name)
   at ThalamusConnector.ConnectToGM(Int32 id, String name) in C:\Users\Filipa\Devel\the-mind\ThalamusGameMasterClient\ThalamusConnector.cs:line 47.
